Arguments: 
  /Users/joseph/.nvm/versions/node/v8.12.0/bin/node /usr/local/Cellar/yarn/1.10.1/libexec/bin/yarn.js add -D -W yarn-flow-mono

PATH: 
  /usr/local/opt/python/libexec/bin:/Users/joseph/.vimpkg/bin:/usr/local/opt/php/bin:/usr/local/opt/openssl/bin:/usr/local/opt/icu4c/sbin:/usr/local/opt/icu4c/bin:/usr/local/opt/gettext/bin:/Users/joseph/.gcloud/google-cloud-sdk/bin:/Users/joseph/.nvm/versions/node/v8.12.0/bin:/usr/local/bin:/usr/bin:/bin:/usr/sbin:/sbin:/Users/joseph/.composer/vendor/bin:/usr/local/opt/rbenv/shims:/usr/local/sbin:/Users/Joseph/.themekit:/Applications/Visual Studio Code.app/Contents/Resources/app/bin:/Users/joseph/.rvm/bin

Yarn version: 
  1.10.1

Node version: 
  8.12.0

Platform: 
  darwin x64

Trace: 
  Error: https://registry.yarnpkg.com/yarn-flow-mono: Not found
      at Request.params.callback [as _callback] (/usr/local/Cellar/yarn/1.10.1/libexec/lib/cli.js:61073:18)
      at Request.self.callback (/usr/local/Cellar/yarn/1.10.1/libexec/lib/cli.js:120166:22)
      at emitTwo (events.js:126:13)
      at Request.emit (events.js:214:7)
      at Request.<anonymous> (/usr/local/Cellar/yarn/1.10.1/libexec/lib/cli.js:121138:10)
      at emitOne (events.js:116:13)
      at Request.emit (events.js:211:7)
      at IncomingMessage.<anonymous> (/usr/local/Cellar/yarn/1.10.1/libexec/lib/cli.js:121060:12)
      at Object.onceWrapper (events.js:313:30)
      at emitNone (events.js:111:20)

npm manifest: 
  {
  	"name": "sane-shopify",
  	"version": "1.0.0",
  	"description": "Monorepo for Sanity + Shopify utilities",
  	"main": "index.js",
  	"repository": "git@github.com:good-idea/sane-shopify",
  	"author": "Joseph Thomas <joseph@good-idea.studio>",
  	"license": "MIT",
  	"private": true,
  	"workspaces": [
  		"sanity-plugin-shopify-selector",
  		"sanity-shopify-proxy-server"
  	]
  }

yarn manifest: 
  No manifest

Lockfile: 
  No lockfile
